<?xml version="1.0" encoding="UTF-8"?>
<!-- Generated by org.testng.reporters.JUnitReportReporter -->
<testsuite hostname="Kavya" failures="0" tests="1" name="Mypack.NewTest" time="8.875" errors="0" timestamp="2023-06-22T07:05:37 IST" skipped="0">
  <testcase classname="Mypack.NewTest" name="f" time="8.875"/>
  <system-out/>
</testsuite> <!-- Mypack.NewTest -->
